<?xml version="1.0" encoding="UTF-8"?>
<testng-results skipped="0" failed="0" total="1" passed="1">
  <reporter-output>
  </reporter-output>
  <suite name="Default suite" duration-ms="19048" started-at="2019-08-07T07:08:20Z" finished-at="2019-08-07T07:08:39Z">
    <groups>
    </groups>
    <test name="Default test" duration-ms="19048" started-at="2019-08-07T07:08:20Z" finished-at="2019-08-07T07:08:39Z">
      <class name="com.TestCases.BookAHotelTC">
        <test-method status="PASS" signature="setUp()[pri:0, instance:com.TestCases.BookAHotelTC@27f674d]" name="setUp" is-config="true" duration-ms="7072" started-at="2019-08-07T12:38:20Z" finished-at="2019-08-07T12:38:27Z">
          <reporter-output>
          </reporter-output>
        </test-method> <!-- setUp -->
        <test-method status="PASS" signature="bookAHotel()[pri:0, instance:com.TestCases.BookAHotelTC@27f674d]" name="bookAHotel" duration-ms="11213" started-at="2019-08-07T12:38:27Z" finished-at="2019-08-07T12:38:38Z">
          <reporter-output>
          </reporter-output>
        </test-method> <!-- bookAHotel -->
        <test-method status="PASS" signature="tearDown()[pri:0, instance:com.TestCases.BookAHotelTC@27f674d]" name="tearDown" is-config="true" duration-ms="746" started-at="2019-08-07T12:38:38Z" finished-at="2019-08-07T12:38:39Z">
          <reporter-output>
          </reporter-output>
        </test-method> <!-- tearDown -->
      </class> <!-- com.TestCases.BookAHotelTC -->
    </test> <!-- Default test -->
  </suite> <!-- Default suite -->
</testng-results>
